<?xml version="1.0" encoding="UTF-8"?>
<!-- Generated by org.testng.reporters.JUnitXMLReporter -->
<testsuite ignored="0" hostname="IN-JG6ZZD3" failures="0" tests="3" name="JSON Data Provider Test" time="16.924" errors="0" timestamp="2024-09-04T19:18:57 IST">
  <testcase classname="PracticeTest.SeleniumFramework.submitOrderDataProJSON_Test" name="submitOrder" time="4.559"/>
  <testcase classname="PracticeTest.SeleniumFramework.submitOrderDataProJSON_Test" name="submitOrder" time="4.099"/>
  <testcase classname="PracticeTest.SeleniumFramework.submitOrderDataProJSON_Test" name="OrderHistoryTest" time="1.43"/>
</testsuite> <!-- JSON Data Provider Test -->
