<?xml version="1.0" encoding="UTF-8"?>
<!-- Generated by org.testng.reporters.JUnitXMLReporter -->
<testsuite ignored="0" hostname="IN-JG6ZZD3" failures="0" tests="2" name="Login Error Validation Test" time="5.86" errors="0" timestamp="2024-09-04T19:18:40 IST">
  <testcase classname="PracticeTest.SeleniumFramework.errorValidationTest" name="BlankLogin" time="0.283"/>
  <testcase classname="PracticeTest.SeleniumFramework.errorValidationTest" name="LoginErrorValidation" time="0.851"/>
</testsuite> <!-- Login Error Validation Test -->
